
  .   ____          _            __ _ _
 /\\ / ___'_ __ _ _(_)_ __  __ _ \ \ \ \
( ( )\___ | '_ | '_| | '_ \/ _` | \ \ \ \
 \\/  ___)| |_)| | | | | || (_| |  ) ) ) )
  '  |____| .__|_| |_|_| |_\__, | / / / /
 =========|_|==============|___/=/_/_/_/
 :: Spring Boot ::        (v2.3.1.RELEASE)

2020-06-21 22:58:04.014  INFO 9864 --- [           main] pl.ice.fissst.demo.DemoApplication       : Starting DemoApplication on DESKTOP-TTRLVNL with PID 9864 (F:\Projekty\praca\demo\target\classes started by Ice in F:\Projekty\praca\demo)
2020-06-21 22:58:04.017  INFO 9864 --- [           main] pl.ice.fissst.demo.DemoApplication       : No active profile set, falling back to default profiles: default
2020-06-21 22:58:05.209  INFO 9864 --- [           main] .s.d.r.c.RepositoryConfigurationDelegate : Bootstrapping Spring Data JPA repositories in DEFERRED mode.
2020-06-21 22:58:05.235  INFO 9864 --- [           main] .s.d.r.c.RepositoryConfigurationDelegate : Finished Spring Data repository scanning in 19ms. Found 0 JPA repository interfaces.
2020-06-21 22:58:05.972  INFO 9864 --- [           main] o.s.b.w.embedded.tomcat.TomcatWebServer  : Tomcat initialized with port(s): 8080 (http)
2020-06-21 22:58:05.980  INFO 9864 --- [           main] o.apache.catalina.core.StandardService   : Starting service [Tomcat]
2020-06-21 22:58:05.981  INFO 9864 --- [           main] org.apache.catalina.core.StandardEngine  : Starting Servlet engine: [Apache Tomcat/9.0.36]
2020-06-21 22:58:06.071  INFO 9864 --- [           main] o.a.c.c.C.[Tomcat].[localhost].[/]       : Initializing Spring embedded WebApplicationContext
2020-06-21 22:58:06.071  INFO 9864 --- [           main] w.s.c.ServletWebServerApplicationContext : Root WebApplicationContext: initialization completed in 1989 ms
2020-06-21 22:58:06.351  INFO 9864 --- [           main] o.s.s.concurrent.ThreadPoolTaskExecutor  : Initializing ExecutorService 'applicationTaskExecutor'
2020-06-21 22:58:06.399  INFO 9864 --- [         task-1] o.hibernate.jpa.internal.util.LogHelper  : HHH000204: Processing PersistenceUnitInfo [name: default]
2020-06-21 22:58:06.445  INFO 9864 --- [         task-1] org.hibernate.Version                    : HHH000412: Hibernate ORM core version 5.4.17.Final
2020-06-21 22:58:06.560  INFO 9864 --- [         task-1] o.hibernate.annotations.common.Version   : HCANN000001: Hibernate Commons Annotations {5.1.0.Final}
2020-06-21 22:58:06.643  INFO 9864 --- [         task-1] com.zaxxer.hikari.HikariDataSource       : HikariPool-1 - Starting...
2020-06-21 22:58:06.716  WARN 9864 --- [           main] JpaBaseConfiguration$JpaWebConfiguration : spring.jpa.open-in-view is enabled by default. Therefore, database queries may be performed during view rendering. Explicitly configure spring.jpa.open-in-view to disable this warning
2020-06-21 22:58:06.768  INFO 9864 --- [         task-1] com.zaxxer.hikari.HikariDataSource       : HikariPool-1 - Start completed.
2020-06-21 22:58:06.791  INFO 9864 --- [         task-1] org.hibernate.dialect.Dialect            : HHH000400: Using dialect: org.hibernate.dialect.PostgreSQLDialect
2020-06-21 22:58:07.015  INFO 9864 --- [           main] o.s.b.a.e.web.EndpointLinksResolver      : Exposing 13 endpoint(s) beneath base path '/actuator'
2020-06-21 22:58:07.129  INFO 9864 --- [           main] pertySourcedRequestMappingHandlerMapping : Mapped URL path [/v2/api-docs] onto method [springfox.documentation.swagger2.web.Swagger2Controller#getDocumentation(String, HttpServletRequest)]
2020-06-21 22:58:07.878  INFO 9864 --- [         task-1] o.h.e.t.j.p.i.JtaPlatformInitiator       : HHH000490: Using JtaPlatform implementation: [org.hibernate.engine.transaction.jta.platform.internal.NoJtaPlatform]
2020-06-21 22:58:07.884  INFO 9864 --- [         task-1] j.LocalContainerEntityManagerFactoryBean : Initialized JPA EntityManagerFactory for persistence unit 'default'
2020-06-21 22:58:07.968  INFO 9864 --- [           main] o.s.b.w.embedded.tomcat.TomcatWebServer  : Tomcat started on port(s): 8080 (http) with context path ''
2020-06-21 22:58:07.969  INFO 9864 --- [           main] d.s.w.p.DocumentationPluginsBootstrapper : Context refreshed
2020-06-21 22:58:07.985  INFO 9864 --- [           main] d.s.w.p.DocumentationPluginsBootstrapper : Found 1 custom documentation plugin(s)
2020-06-21 22:58:08.009  INFO 9864 --- [           main] s.d.s.w.s.ApiListingReferenceScanner     : Scanning for api listing references
2020-06-21 22:58:08.177  INFO 9864 --- [           main] .d.s.w.r.o.CachingOperationNameGenerator : Generating unique operation named: handleUsingGET_1
2020-06-21 22:58:08.179  INFO 9864 --- [           main] .d.s.w.r.o.CachingOperationNameGenerator : Generating unique operation named: handleUsingGET_2
2020-06-21 22:58:08.180  INFO 9864 --- [           main] .d.s.w.r.o.CachingOperationNameGenerator : Generating unique operation named: handleUsingDELETE_1
2020-06-21 22:58:08.182  INFO 9864 --- [           main] .d.s.w.r.o.CachingOperationNameGenerator : Generating unique operation named: handleUsingGET_3
2020-06-21 22:58:08.183  INFO 9864 --- [           main] .d.s.w.r.o.CachingOperationNameGenerator : Generating unique operation named: handleUsingGET_4
2020-06-21 22:58:08.185  INFO 9864 --- [           main] .d.s.w.r.o.CachingOperationNameGenerator : Generating unique operation named: handleUsingGET_5
2020-06-21 22:58:08.186  INFO 9864 --- [           main] .d.s.w.r.o.CachingOperationNameGenerator : Generating unique operation named: handleUsingGET_6
2020-06-21 22:58:08.187  INFO 9864 --- [           main] .d.s.w.r.o.CachingOperationNameGenerator : Generating unique operation named: handleUsingGET_7
2020-06-21 22:58:08.188  INFO 9864 --- [           main] .d.s.w.r.o.CachingOperationNameGenerator : Generating unique operation named: handleUsingGET_8
2020-06-21 22:58:08.189  INFO 9864 --- [           main] .d.s.w.r.o.CachingOperationNameGenerator : Generating unique operation named: handleUsingGET_9
2020-06-21 22:58:08.190  INFO 9864 --- [           main] .d.s.w.r.o.CachingOperationNameGenerator : Generating unique operation named: handleUsingGET_10
2020-06-21 22:58:08.192  INFO 9864 --- [           main] .d.s.w.r.o.CachingOperationNameGenerator : Generating unique operation named: handleUsingGET_11
2020-06-21 22:58:08.193  INFO 9864 --- [           main] .d.s.w.r.o.CachingOperationNameGenerator : Generating unique operation named: handleUsingGET_12
2020-06-21 22:58:08.194  INFO 9864 --- [           main] .d.s.w.r.o.CachingOperationNameGenerator : Generating unique operation named: handleUsingGET_13
2020-06-21 22:58:08.195  INFO 9864 --- [           main] .d.s.w.r.o.CachingOperationNameGenerator : Generating unique operation named: handleUsingGET_14
2020-06-21 22:58:08.197  INFO 9864 --- [           main] .d.s.w.r.o.CachingOperationNameGenerator : Generating unique operation named: handleUsingGET_15
2020-06-21 22:58:08.198  INFO 9864 --- [           main] .d.s.w.r.o.CachingOperationNameGenerator : Generating unique operation named: handleUsingGET_16
2020-06-21 22:58:08.199  INFO 9864 --- [           main] .d.s.w.r.o.CachingOperationNameGenerator : Generating unique operation named: handleUsingGET_17
2020-06-21 22:58:08.231  INFO 9864 --- [           main] DeferredRepositoryInitializationListener : Triggering deferred initialization of Spring Data repositories…
2020-06-21 22:58:08.231  INFO 9864 --- [           main] DeferredRepositoryInitializationListener : Spring Data repositories initialized!
2020-06-21 22:58:08.240  INFO 9864 --- [           main] pl.ice.fissst.demo.DemoApplication       : Started DemoApplication in 4.582 seconds (JVM running for 4.947)
2020-06-21 22:58:12.954  INFO 9864 --- [nio-8080-exec-1] o.a.c.c.C.[Tomcat].[localhost].[/]       : Initializing Spring DispatcherServlet 'dispatcherServlet'
2020-06-21 22:58:12.954  INFO 9864 --- [nio-8080-exec-1] o.s.web.servlet.DispatcherServlet        : Initializing Servlet 'dispatcherServlet'
2020-06-21 22:58:12.987  INFO 9864 --- [nio-8080-exec-1] o.s.web.servlet.DispatcherServlet        : Completed initialization in 33 ms
